<?xml version="1.0" encoding="UTF-8"?>
<testsuite name="Tests" tests="3" skipped="0" failures="0" errors="0" timestamp="2022-12-19T17:57:06" hostname="NB1032" time="0.008">
  <properties/>
  <testcase name="testDiscriminantIsEqualToZero" classname="Tests" time="0.005"/>
  <testcase name="testWhenDiscriminantIsLessThanZero" classname="Tests" time="0.001"/>
  <testcase name="testWhenDiscriminantIsMoreThanZero" classname="Tests" time="0.0"/>
  <system-out><![CDATA[Result: x1 = x2 = 2.0 Result: null
Result: x1 = 5.0, x2 = -1.0]]></system-out>
  <system-err><![CDATA[]]></system-err>
</testsuite>
